# JRE version: OpenJDK Runtime Environment (8.0_222-b10) (build 1.8.0_222-8u222-b10-1ubuntu1~18.04.1-b10)
# Java VM: OpenJDK 64-Bit Server VM (25.222-b10 mixed mode linux-amd64 compressed oops)
Heap:
 garbage-first heap   total 126976K, used 104777K [0x00000000c0000000, 0x00000000c01003e0, 0x0000000100000000)
  region size 1024K, 55 young (56320K), 8 survivors (8192K)
 Metaspace       used 55682K, capacity 58630K, committed 58832K, reserved 1099776K
  class space    used 6597K, capacity 7565K, committed 7632K, reserved 1048576K
GC Heap History (10 events):
Event: 44.058 GC heap after
Heap after GC invocations=11 (full 0):
 garbage-first heap   total 126976K, used 44032K [0x00000000c0000000, 0x00000000c01003e0, 0x0000000100000000)
  region size 1024K, 8 young (8192K), 8 survivors (8192K)
 Metaspace       used 45995K, capacity 48452K, committed 48720K, reserved 1091584K
  class space    used 5215K, capacity 6098K, committed 6224K, reserved 1048576K
}
Event: 70.099 GC heap before
{Heap before GC invocations=11 (full 0):
 garbage-first heap   total 126976K, used 104448K [0x00000000c0000000, 0x00000000c01003e0, 0x0000000100000000)
  region size 1024K, 67 young (68608K), 8 survivors (8192K)
 Metaspace       used 50466K, capacity 52970K, committed 53072K, reserved 1095680K
  class space    used 6051K, capacity 6943K, committed 6992K, reserved 1048576K
Event: 70.122 GC heap after
Heap after GC invocations=12 (full 0):
 garbage-first heap   total 126976K, used 48640K [0x00000000c0000000, 0x00000000c01003e0, 0x0000000100000000)
  region size 1024K, 9 young (9216K), 9 survivors (9216K)
 Metaspace       used 50466K, capacity 52970K, committed 53072K, reserved 1095680K
  class space    used 6051K, capacity 6943K, committed 6992K, reserved 1048576K
}
Event: 85.413 GC heap before
{Heap before GC invocations=12 (full 0):
 garbage-first heap   total 126976K, used 104448K [0x00000000c0000000, 0x00000000c01003e0, 0x0000000100000000)
  region size 1024K, 63 young (64512K), 9 survivors (9216K)
 Metaspace       used 54408K, capacity 57250K, committed 57424K, reserved 1099776K
  class space    used 6509K, capacity 7467K, committed 7504K, reserved 1048576K
Event: 85.448 GC heap after
Heap after GC invocations=13 (full 0):
 garbage-first heap   total 126976K, used 49664K [0x00000000c0000000, 0x00000000c01003e0, 0x0000000100000000)
  region size 1024K, 8 young (8192K), 8 survivors (8192K)
 Metaspace       used 54408K, capacity 57250K, committed 57424K, reserved 1099776K
  class space    used 6509K, capacity 7467K, committed 7504K, reserved 1048576K
}
Event: 86.578 GC heap before
{Heap before GC invocations=13 (full 0):
 garbage-first heap   total 126976K, used 104960K [0x00000000c0000000, 0x00000000c01003e0, 0x0000000100000000)
  region size 1024K, 62 young (63488K), 8 survivors (8192K)
 Metaspace       used 54542K, capacity 57378K, committed 57680K, reserved 1099776K
  class space    used 6515K, capacity 7467K, committed 7504K, reserved 1048576K
Event: 86.588 GC heap after
Heap after GC invocations=14 (full 0):
 garbage-first heap   total 126976K, used 50946K [0x00000000c0000000, 0x00000000c01003e0, 0x0000000100000000)
  region size 1024K, 7 young (7168K), 7 survivors (7168K)
 Metaspace       used 54542K, capacity 57378K, committed 57680K, reserved 1099776K
  class space    used 6515K, capacity 7467K, committed 7504K, reserved 1048576K
}
Event: 88.458 GC heap before
{Heap before GC invocations=14 (full 0):
 garbage-first heap   total 126976K, used 105218K [0x00000000c0000000, 0x00000000c01003e0, 0x0000000100000000)
  region size 1024K, 60 young (61440K), 7 survivors (7168K)
 Metaspace       used 55592K, capacity 58566K, committed 58832K, reserved 1099776K
  class space    used 6590K, capacity 7565K, committed 7632K, reserved 1048576K
Event: 88.467 GC heap after
Heap after GC invocations=15 (full 0):
 garbage-first heap   total 126976K, used 56649K [0x00000000c0000000, 0x00000000c01003e0, 0x0000000100000000)
  region size 1024K, 8 young (8192K), 8 survivors (8192K)
 Metaspace       used 55592K, capacity 58566K, committed 58832K, reserved 1099776K
  class space    used 6590K, capacity 7565K, committed 7632K, reserved 1048576K
}
Event: 89.232 GC heap before
{Heap before GC invocations=15 (full 0):
 garbage-first heap   total 126976K, used 104777K [0x00000000c0000000, 0x00000000c01003e0, 0x0000000100000000)
  region size 1024K, 55 young (56320K), 8 survivors (8192K)
 Metaspace       used 55682K, capacity 58630K, committed 58832K, reserved 1099776K
  class space    used 6597K, capacity 7565K, committed 7632K, reserved 1048576K

